hp-check[684899]: info: :
hp-check[684899]: info: :[01mHP Linux Imaging and Printing System (ver. 3.23.12)[0m
hp-check[684899]: info: :[01mDependency/Version Check Utility ver. 15.1[0m
hp-check[684899]: info: :
hp-check[684899]: info: :Copyright (c) 2001-18 HP Development Company, LP
hp-check[684899]: info: :This software comes with ABSOLUTELY NO WARRANTY.
hp-check[684899]: info: :This is free software, and you are welcome to distribute it
hp-check[684899]: info: :under certain conditions. See COPYING file for more details.
hp-check[684899]: info: :
hp-check[684899]: info: :[01mNote: hp-check can be run in three modes:[0m
hp-check[684899]: info: :1. Compile-time check mode (-c or --compile): Use this mode before compiling the HPLIP supplied tarball (.tar.gz or .run) to determine if the proper dependencies 
hp-check[684899]: info: :are installed to successfully compile HPLIP.                                                                                                                      
hp-check[684899]: info: :2. Run-time check mode (-r or --run): Use this mode to determine if a distro supplied package (.deb, .rpm, etc) or an already built HPLIP supplied tarball has the
hp-check[684899]: info: :proper dependencies installed to successfully run.                                                                                                                
hp-check[684899]: info: :3. Both compile- and run-time check mode (-b or --both) (Default): This mode will check both of the above cases (both compile- and run-time dependencies).        
hp-check[684899]: info: :
hp-check[684899]: info: :Check types:                                                                                                                                                      
hp-check[684899]: info: :a. EXTERNALDEP - External Dependencies                                                                                                                            
hp-check[684899]: info: :b. GENERALDEP - General Dependencies (required both at compile and run time)                                                                                      
hp-check[684899]: info: :c. COMPILEDEP - Compile time Dependencies                                                                                                                         
hp-check[684899]: info: :d. [All are run-time checks]                                                                                                                                      
hp-check[684899]: info: :PYEXT SCANCONF QUEUES PERMISSION                                                                                                                                  
hp-check[684899]: info: :
hp-check[684899]: info: :Status Types:
hp-check[684899]: info: :    OK
hp-check[684899]: info: :    MISSING       - Missing Dependency or Permission or Plug-in
hp-check[684899]: info: :    INCOMPAT      - Incompatible dependency-version or Plugin-version
hp-check[684899]: info: :
warning: [01mlinuxmint-22.1 version is not supported. Using linuxmint-21.1 versions dependencies to verify and install...[0m
hp-check[684899]: info: :
hp-check[684899]: info: :---------------
hp-check[684899]: info: :| SYSTEM INFO |
hp-check[684899]: info: :---------------
hp-check[684899]: info: :
hp-check[684899]: info: : Kernel: 6.8.0-62-generic #65-Ubuntu SMP PREEMPT_DYNAMIC Mon May 19 17:15:03 UTC 2025 GNU/Linux
 Host: tidus
 Proc: 6.8.0-62-generic #65-Ubuntu SMP PREEMPT_DYNAMIC Mon May 19 17:15:03 UTC 2025 GNU/Linux
 Distribution: linuxmint 22.1
hp-check[684899]: info: : Bitness: 64 bit

hp-check[684899]: info: :
hp-check[684899]: info: :-----------------------
hp-check[684899]: info: :| HPLIP CONFIGURATION |
hp-check[684899]: info: :-----------------------
hp-check[684899]: info: :
hp-check[684899]: info: :HPLIP-Version: HPLIP 3.23.12
hp-check[684899]: info: :HPLIP-Home: /usr/share/hplip
warning: HPLIP-Installation: Auto installation is not supported for linuxmint distro  22.1 version 
hp-check[684899]: info: :
hp-check[684899]: info: :[01mCurrent contents of '/etc/hp/hplip.conf' file:[0m
hp-check[684899]: info: :# hplip.conf.  Generated from hplip.conf.in by configure.

[hplip]
version=3.23.12

[dirs]
home=/usr/share/hplip
run=/var/run
ppd=/usr/share/ppd/hplip/HP
ppdbase=/usr/share/ppd/hplip
doc=/usr/share/doc/hplip
html=/usr/share/doc/hplip-doc
icon=no
cupsbackend=/usr/lib/cups/backend
cupsfilter=/usr/lib/cups/filter
drv=/usr/share/cups/drv
bin=/usr/bin
apparmor=/etc/apparmor.d
# Following values are determined at configure time and cannot be changed.
[configure]
network-build=yes
libusb01-build=no
pp-build=no
gui-build=yes
scanner-build=yes
fax-build=yes
dbus-build=yes
cups11-build=no
doc-build=yes
shadow-build=no
hpijs-install=yes
foomatic-drv-install=yes
foomatic-ppd-install=no
foomatic-rip-hplip-install=no
hpcups-install=yes
cups-drv-install=yes
cups-ppd-install=no
internal-tag=3.23.12
restricted-build=no
ui-toolkit=qt5
qt3=no
qt4=no
qt5=yes
policy-kit=yes
lite-build=no
udev_sysfs_rules=no
hpcups-only-build=no
hpijs-only-build=no
apparmor_build=no
class-driver=no

hp-check[684899]: info: :
hp-check[684899]: info: :[01mCurrent contents of '/var/lib/hp/hplip.state' file:[0m
hp-check[684899]: info: :Plugins are not installed. Could not access file: No such file or directory
hp-check[684899]: info: :
hp-check[684899]: info: :[01mCurrent contents of '~/.hplip/hplip.conf' file:[0m
hp-check[684899]: info: :[installation]
date_time = 07/08/25 18:28:07
version = 3.23.12


hp-check[684899]: info: : <Package-name>        <Package-Desc>      <Required/Optional> <Min-Version> <Installed-Version> <Status>   <Comment>
hp-check[684899]: info: :
hp-check[684899]: info: :-------------------------
hp-check[684899]: info: :| External Dependencies |
hp-check[684899]: info: :-------------------------
hp-check[684899]: info: :
hp-check[684899]: info: :[31;01m error: cups          CUPS - Common Unix Printing System                           REQUIRED        1.1             -               INCOMPAT   'CUPS may not be installed or not running'[0m
hp-check[684899]: info: : gs                   GhostScript - PostScript and PDF language interpreter and previewer REQUIRED        7.05            10.02.1         OK         -
hp-check[684899]: info: :[31;01m error: xsane         xsane - Graphical scanner frontend for SANE                  OPTIONAL        0.9             -               MISSING    'xsane needs to be installed'[0m
hp-check[684899]: info: : scanimage            scanimage - Shell scanning program                           OPTIONAL        1.0             1.2.1           OK         -
hp-check[684899]: info: :[31;01m error: dbus          DBus - Message bus system                                    REQUIRED        -               1.14.10         MISSING    'DBUS may not be installed or not running'[0m
hp-check[684899]: info: : policykit            PolicyKit - Administrative policy framework                  OPTIONAL        -               -               OK         -
hp-check[684899]: info: : network              network -wget                                                OPTIONAL        -               1.21.4          OK         -
hp-check[684899]: info: : avahi-utils          avahi-utils                                                  OPTIONAL        -               0.8             OK         -
hp-check[684899]: info: :
hp-check[684899]: info: :------------------------
hp-check[684899]: info: :| General Dependencies |
hp-check[684899]: info: :------------------------
hp-check[684899]: info: :
hp-check[684899]: info: :[31;01m error: libjpeg       libjpeg - JPEG library                                       REQUIRED        -               -               MISSING    'libjpeg needs to be installed'[0m
hp-check[684899]: info: :[31;01m error: cups-devel    CUPS devel- Common Unix Printing System development files    REQUIRED        -               -               MISSING    'cups-devel needs to be installed'[0m
hp-check[684899]: info: :[31;01m error: cups-image    CUPS image - CUPS image development files                    REQUIRED        -               -               MISSING    'cups-image needs to be installed'[0m
hp-check[684899]: info: : libpthread           libpthread - POSIX threads library                           REQUIRED        -               b'2.39'         OK         -
hp-check[684899]: info: :[31;01m error: libusb        libusb - USB library                                         REQUIRED        -               1.0             MISSING    'libusb needs to be installed'[0m
hp-check[684899]: info: : sane                 SANE - Scanning library                                      REQUIRED        -               -               OK         -
hp-check[684899]: info: :[31;01m error: sane-devel    SANE - Scanning library development files                    REQUIRED        -               -               MISSING    'sane-devel needs to be installed'[0m
hp-check[684899]: info: :[31;01m error: libavahi-dev  libavahi-dev                                                 REQUIRED        -               -               MISSING    'libavahi-dev needs to be installed'[0m
hp-check[684899]: info: :[31;01m error: libnetsnmp-devel libnetsnmp-devel - SNMP networking library development files REQUIRED        5.0.9           -               MISSING    'libnetsnmp-devel needs to be installed'[0m
hp-check[684899]: info: :[31;01m error: libcrypto     libcrypto - OpenSSL cryptographic library                    REQUIRED        -               3.0.13          MISSING    'libcrypto needs to be installed'[0m
hp-check[684899]: info: : python3X             Python 2.2 or greater - Python programming language          REQUIRED        2.2             3.12.3          OK         -
hp-check[684899]: info: :[31;01m error: python3-notify2 Python libnotify - Python bindings for the libnotify Desktop notifications OPTIONAL        -               -               MISSING    'python3-notify2 needs to be installed'[0m
hp-check[684899]: info: :[31;01m error: python3-pyqt4-dbus PyQt 4 DBus - DBus Support for PyQt4                         OPTIONAL        4.0             -               MISSING    'python3-pyqt4-dbus needs to be installed'[0m
hp-check[684899]: info: :[31;01m error: python3-pyqt4 PyQt 4- Qt interface for Python (for Qt version 4.x)         REQUIRED        4.0             -               MISSING    'python3-pyqt4 needs to be installed'[0m
hp-check[684899]: info: : python3-dbus         Python DBus - Python bindings for DBus                       REQUIRED        0.80.0          1.3.2           OK         -
hp-check[684899]: info: : python3-xml          Python XML libraries                                         REQUIRED        -               2.6.1           OK         -
hp-check[684899]: info: :[31;01m error: python3-devel Python devel - Python development files                      REQUIRED        2.2             3.12.3          MISSING    'python3-devel needs to be installed'[0m
hp-check[684899]: info: : python3-pil          PIL - Python Imaging Library (required for commandline scanning with hp-scan) OPTIONAL        -               10.2.0          OK         -
hp-check[684899]: info: :[31;01m error: python3-reportlab Reportlab - PDF library for Python                           OPTIONAL        2.0             -               MISSING    'python3-reportlab needs to be installed'[0m
hp-check[684899]: info: :
hp-check[684899]: info: :--------------
hp-check[684899]: info: :| COMPILEDEP |
hp-check[684899]: info: :--------------
hp-check[684899]: info: :
hp-check[684899]: info: :[31;01m error: libtool       libtool - Library building support services                  REQUIRED        -               -               MISSING    'libtool needs to be installed'[0m
hp-check[684899]: info: : gcc                  gcc - GNU Project C and C++ Compiler                         REQUIRED        -               13.3.0          OK         -
hp-check[684899]: info: : make                 make - GNU make utility to maintain groups of programs       REQUIRED        3.0             4.3             OK         -
hp-check[684899]: info: :
hp-check[684899]: info: :---------------------
hp-check[684899]: info: :| Python Extentions |
hp-check[684899]: info: :---------------------
hp-check[684899]: info: :
hp-check[684899]: info: : cupsext              CUPS-Extension                                               REQUIRED        -               3.23.12         OK         -
hp-check[684899]: info: : hpmudext             IO-Extension                                                 REQUIRED        -               3.23.12         OK         -
hp-check[684899]: info: :
hp-check[684899]: info: :----------------------
hp-check[684899]: info: :| Scan Configuration |
hp-check[684899]: info: :----------------------
hp-check[684899]: info: :
hp-check[684899]: info: :'/etc/sane.d/dll.d/hpaio' not found.
hp-check[684899]: info: : hpaio                HPLIP-SANE-Backend                                           REQUIRED        -               3.23.12         OK         'hpaio found in /etc/sane.d/dll.conf'
hp-check[684899]: info: : scanext              Scan-SANE-Extension                                          REQUIRED        -               3.23.12         OK         -
hp-check[684899]: info: :
hp-check[684899]: info: :------------------------------
hp-check[684899]: info: :| DISCOVERED SCANNER DEVICES |
hp-check[684899]: info: :------------------------------
hp-check[684899]: info: :
hp-check[684899]: info: :No Scanner found.
hp-check[684899]: info: :
hp-check[684899]: info: :--------------------------
hp-check[684899]: info: :| DISCOVERED USB DEVICES |
hp-check[684899]: info: :--------------------------
hp-check[684899]: info: :
hp-check[684899]: info: :No devices found.
hp-check[684899]: info: :
hp-check[684899]: info: :---------------------------------
hp-check[684899]: info: :| INSTALLED CUPS PRINTER QUEUES |
hp-check[684899]: info: :---------------------------------
hp-check[684899]: info: :
hp-check[684899]: info: :
hp-check[684899]: info: :[01mlpstat[0m
hp-check[684899]: info: :[01m------[0m
hp-check[684899]: info: :Type: Unknown
hp-check[684899]: info: :Device URI: Nenhuma destinação foi adicionada.
hp-check[684899]: info: :
hp-check[684899]: info: :
hp-check[684899]: info: :--------------
hp-check[684899]: info: :| PERMISSION |
hp-check[684899]: info: :--------------
hp-check[684899]: info: :
hp-check[684899]: info: :
hp-check[684899]: info: :-----------
hp-check[684899]: info: :| SUMMARY |
hp-check[684899]: info: :-----------
hp-check[684899]: info: :
hp-check[684899]: info: :[01mMissing Required Dependencies[0m
hp-check[684899]: info: :[01m-----------------------------[0m
error: 'libcups2' package is missing/incompatible 
error: 'libdbus-1-dev' package is missing/incompatible 
error: 'libjpeg8-dev' package is missing/incompatible 
error: 'libcups2-dev' package is missing/incompatible 
error: 'cups-bsd' package is missing/incompatible 
error: 'cups-client' package is missing/incompatible 
error: 'libcupsimage2-dev' package is missing/incompatible 
error: 'libusb-1.0.0-dev' package is missing/incompatible 
error: 'libsane-dev' package is missing/incompatible 
error: 'libavahi-client-dev' package is missing/incompatible 
error: 'libavahi-core-dev' package is missing/incompatible 
error: 'libavahi-common-dev' package is missing/incompatible 
error: 'python3-dev' package is missing/incompatible 
error: 'libtool' package is missing/incompatible 
error: 'libtool-bin' package is missing/incompatible 
hp-check[684899]: info: :
hp-check[684899]: info: :[01mMissing Optional Dependencies[0m
hp-check[684899]: info: :[01m-----------------------------[0m
error: 'xsane' package is missing/incompatible 
error: 'python3-notify2' package is missing/incompatible 
error: 'mate-notification-daemon' package is missing/incompatible 
error: 'python3-reportlab' package is missing/incompatible 
hp-check[684899]: info: :
hp-check[684899]: info: :Total Errors: 17
hp-check[684899]: info: :Total Warnings: 0
hp-check[684899]: info: :
hp-check[684899]: info: :
hp-check[684899]: info: :Done.
